[NX Daemon Server] - 2023-05-17T09:48:27.241Z - Started listening on: /var/folders/0l/kcy3v21s5v71rc68cv19smzh0000gn/T/ec8b833cbcb9ff292284/d.sock
[NX Daemon Server] - 2023-05-17T09:48:27.250Z - Established a connection. Number of open connections: 1
[NX Daemon Server] - 2023-05-17T09:48:27.251Z - Established a connection. Number of open connections: 2
[NX Daemon Server] - 2023-05-17T09:48:27.251Z - [WATCHER]: Subscribed to changes within: /Users/simplist/Repositories/makewithit
[NX Daemon Server] - 2023-05-17T09:48:27.255Z - [REQUEST]: Client Request for Project Graph Received
fatal: no path specified
[NX Daemon Server] - 2023-05-17T09:48:27.413Z - [REQUEST]: Updated file-hasher based on watched changes, recomputing project graph...
[NX Daemon Server] - 2023-05-17T09:48:27.625Z - [REQUEST]: Responding to the client. project-graph
[NX Daemon Server] - 2023-05-17T09:48:27.627Z - Time taken for 'total for creating and serializing project graph' 370.47819900512695ms
[NX Daemon Server] - 2023-05-17T09:48:27.632Z - [WATCHER]: .nx/cache/lockfile.hash was created or restored
[NX Daemon Server] - 2023-05-17T09:48:27.632Z - Closed a connection. Number of open connections: 1
[NX Daemon Server] - 2023-05-17T09:48:27.634Z - Done responding to the client project-graph
[NX Daemon Server] - 2023-05-17T09:48:27.636Z - Closed a connection. Number of open connections: 0
[NX Daemon Server] - 2023-05-17T09:48:27.698Z - [WATCHER]: 1 file(s) created or restored, 0 file(s) modified, 1 file(s) deleted
[NX Daemon Server] - 2023-05-17T09:48:27.761Z - [REQUEST]: Updated file-hasher based on watched changes, recomputing project graph...
[NX Daemon Server] - 2023-05-17T09:48:27.772Z - Time taken for 'hash changed files from watcher' 22.9082949757576ms
[NX Daemon Server] - 2023-05-17T09:48:27.837Z - [WATCHER]: 1 file(s) created or restored, 1 file(s) modified, 1 file(s) deleted
[NX Daemon Server] - 2023-05-17T09:48:27.961Z - [REQUEST]: Updated file-hasher based on watched changes, recomputing project graph...
[NX Daemon Server] - 2023-05-17T09:48:27.974Z - Time taken for 'hash changed files from watcher' 22.13338702917099ms
[NX Daemon Server] - 2023-05-17T09:48:28.035Z - [WATCHER]: 1 file(s) created or restored, 1 file(s) modified, 1 file(s) deleted
[NX Daemon Server] - 2023-05-17T09:48:28.158Z - [REQUEST]: Updated file-hasher based on watched changes, recomputing project graph...
[NX Daemon Server] - 2023-05-17T09:48:28.172Z - Established a connection. Number of open connections: 1
[NX Daemon Server] - 2023-05-17T09:48:28.172Z - Established a connection. Number of open connections: 2
[NX Daemon Server] - 2023-05-17T09:48:28.172Z - Time taken for 'hash changed files from watcher' 19.16549801826477ms
[NX Daemon Server] - 2023-05-17T09:48:28.174Z - [REQUEST]: Client Request for Project Graph Received
[NX Daemon Server] - 2023-05-17T09:48:28.174Z - [REQUEST]: Responding to the client. project-graph
[NX Daemon Server] - 2023-05-17T09:48:28.176Z - Time taken for 'total for creating and serializing project graph' 0.14931601285934448ms
[NX Daemon Server] - 2023-05-17T09:48:28.176Z - Closed a connection. Number of open connections: 1
[NX Daemon Server] - 2023-05-17T09:48:28.177Z - Done responding to the client project-graph
[NX Daemon Server] - 2023-05-17T09:48:28.204Z - [REQUEST]: Client Request for Project Graph Received
[NX Daemon Server] - 2023-05-17T09:48:28.205Z - [REQUEST]: Responding to the client. project-graph
[NX Daemon Server] - 2023-05-17T09:48:28.206Z - Time taken for 'total for creating and serializing project graph' 0.19911599159240723ms
[NX Daemon Server] - 2023-05-17T09:48:28.207Z - Done responding to the client project-graph
[NX Daemon Server] - 2023-05-17T09:48:28.212Z - [REQUEST]: Client Request for Project Graph Received
[NX Daemon Server] - 2023-05-17T09:48:28.212Z - [REQUEST]: Responding to the client. project-graph
[NX Daemon Server] - 2023-05-17T09:48:28.213Z - Time taken for 'total for creating and serializing project graph' 0.27065300941467285ms
[NX Daemon Server] - 2023-05-17T09:48:28.214Z - Done responding to the client project-graph
[NX Daemon Server] - 2023-05-17T09:48:28.221Z - Closed a connection. Number of open connections: 0
[NX Daemon Server] - 2023-05-17T09:48:28.295Z - [WATCHER]: 1 file(s) created or restored, 10 file(s) modified, 1 file(s) deleted
[NX Daemon Server] - 2023-05-17T09:48:28.428Z - [REQUEST]: Updated file-hasher based on watched changes, recomputing project graph...
[NX Daemon Server] - 2023-05-17T09:48:28.438Z - Time taken for 'hash changed files from watcher' 29.268055021762848ms
[NX Daemon Server] - 2023-05-17T09:48:28.510Z - [WATCHER]: 1 file(s) created or restored, 1 file(s) modified, 1 file(s) deleted
[NX Daemon Server] - 2023-05-17T09:48:28.634Z - [REQUEST]: Updated file-hasher based on watched changes, recomputing project graph...
[NX Daemon Server] - 2023-05-17T09:48:28.644Z - Time taken for 'hash changed files from watcher' 21.50424998998642ms
[NX Daemon Server] - 2023-05-17T09:48:28.716Z - [WATCHER]: 1 file(s) created or restored, 1 file(s) modified, 1 file(s) deleted
[NX Daemon Server] - 2023-05-17T09:48:28.839Z - [REQUEST]: Updated file-hasher based on watched changes, recomputing project graph...
[NX Daemon Server] - 2023-05-17T09:48:28.853Z - Time taken for 'hash changed files from watcher' 20.71473401784897ms
[NX Daemon Server] - 2023-05-17T09:48:28.925Z - [WATCHER]: 1 file(s) created or restored, 1 file(s) modified, 1 file(s) deleted
[NX Daemon Server] - 2023-05-17T09:48:29.045Z - [REQUEST]: Updated file-hasher based on watched changes, recomputing project graph...
[NX Daemon Server] - 2023-05-17T09:48:29.055Z - Time taken for 'hash changed files from watcher' 16.379589021205902ms
[NX Daemon Server] - 2023-05-17T09:48:29.125Z - [WATCHER]: 1 file(s) created or restored, 1 file(s) modified, 1 file(s) deleted
[NX Daemon Server] - 2023-05-17T09:48:29.244Z - [REQUEST]: Updated file-hasher based on watched changes, recomputing project graph...
[NX Daemon Server] - 2023-05-17T09:48:29.254Z - Time taken for 'hash changed files from watcher' 16.05392199754715ms
[NX Daemon Server] - 2023-05-17T09:48:29.327Z - [WATCHER]: 1 file(s) created or restored, 1 file(s) modified, 1 file(s) deleted
[NX Daemon Server] - 2023-05-17T09:48:29.446Z - [REQUEST]: Updated file-hasher based on watched changes, recomputing project graph...
[NX Daemon Server] - 2023-05-17T09:48:29.457Z - Time taken for 'hash changed files from watcher' 15.807006001472473ms
[NX Daemon Server] - 2023-05-17T09:48:29.529Z - [WATCHER]: 1 file(s) created or restored, 1 file(s) modified, 1 file(s) deleted
[NX Daemon Server] - 2023-05-17T09:48:29.648Z - [REQUEST]: Updated file-hasher based on watched changes, recomputing project graph...
[NX Daemon Server] - 2023-05-17T09:48:29.659Z - Time taken for 'hash changed files from watcher' 16.29951697587967ms
[NX Daemon Server] - 2023-05-17T09:48:29.732Z - [WATCHER]: 1 file(s) created or restored, 1 file(s) modified, 1 file(s) deleted
[NX Daemon Server] - 2023-05-17T09:48:29.851Z - [REQUEST]: Updated file-hasher based on watched changes, recomputing project graph...
[NX Daemon Server] - 2023-05-17T09:48:29.862Z - Time taken for 'hash changed files from watcher' 17.129275023937225ms
[NX Daemon Server] - 2023-05-17T09:48:29.935Z - [WATCHER]: 1 file(s) created or restored, 1 file(s) modified, 1 file(s) deleted
[NX Daemon Server] - 2023-05-17T09:48:30.123Z - [REQUEST]: Updated file-hasher based on watched changes, recomputing project graph...
[NX Daemon Server] - 2023-05-17T09:48:30.136Z - Time taken for 'hash changed files from watcher' 84.80153697729111ms
[NX Daemon Server] - 2023-05-17T09:48:30.206Z - [WATCHER]: 1 file(s) created or restored, 1 file(s) modified, 1 file(s) deleted
[NX Daemon Server] - 2023-05-17T09:48:30.332Z - [REQUEST]: Updated file-hasher based on watched changes, recomputing project graph...
[NX Daemon Server] - 2023-05-17T09:48:30.342Z - Time taken for 'hash changed files from watcher' 22.58432102203369ms
[NX Daemon Server] - 2023-05-17T09:48:30.415Z - [WATCHER]: 1 file(s) created or restored, 1 file(s) modified, 1 file(s) deleted
[NX Daemon Server] - 2023-05-17T09:48:30.539Z - [REQUEST]: Updated file-hasher based on watched changes, recomputing project graph...
[NX Daemon Server] - 2023-05-17T09:48:30.549Z - Time taken for 'hash changed files from watcher' 20.882471978664398ms
[NX Daemon Server] - 2023-05-17T09:48:30.623Z - [WATCHER]: 1 file(s) created or restored, 1 file(s) modified, 1 file(s) deleted
[NX Daemon Server] - 2023-05-17T09:48:30.742Z - [REQUEST]: Updated file-hasher based on watched changes, recomputing project graph...
[NX Daemon Server] - 2023-05-17T09:48:30.753Z - Time taken for 'hash changed files from watcher' 16.387499034404755ms
[NX Daemon Server] - 2023-05-17T09:48:30.823Z - [WATCHER]: 1 file(s) created or restored, 1 file(s) modified, 1 file(s) deleted
[NX Daemon Server] - 2023-05-17T09:48:30.942Z - [REQUEST]: Updated file-hasher based on watched changes, recomputing project graph...
[NX Daemon Server] - 2023-05-17T09:48:30.953Z - Time taken for 'hash changed files from watcher' 16.875629007816315ms
[NX Daemon Server] - 2023-05-17T09:48:31.023Z - [WATCHER]: 1 file(s) created or restored, 1 file(s) modified, 1 file(s) deleted
[NX Daemon Server] - 2023-05-17T09:48:31.147Z - [REQUEST]: Updated file-hasher based on watched changes, recomputing project graph...
[NX Daemon Server] - 2023-05-17T09:48:31.159Z - Time taken for 'hash changed files from watcher' 21.04463803768158ms
[NX Daemon Server] - 2023-05-17T09:48:31.233Z - [WATCHER]: 1 file(s) created or restored, 1 file(s) modified, 1 file(s) deleted
[NX Daemon Server] - 2023-05-17T09:48:31.355Z - [REQUEST]: Updated file-hasher based on watched changes, recomputing project graph...
[NX Daemon Server] - 2023-05-17T09:48:31.366Z - Time taken for 'hash changed files from watcher' 20.126531958580017ms
[NX Daemon Server] - 2023-05-17T09:48:31.423Z - [WATCHER]: 1 file(s) created or restored, 1 file(s) modified, 1 file(s) deleted
[NX Daemon Server] - 2023-05-17T09:48:31.542Z - [REQUEST]: Updated file-hasher based on watched changes, recomputing project graph...
[NX Daemon Server] - 2023-05-17T09:48:31.551Z - Time taken for 'hash changed files from watcher' 16.375092029571533ms
[NX Daemon Server] - 2023-05-17T09:48:31.613Z - [WATCHER]: 1 file(s) created or restored, 1 file(s) modified, 1 file(s) deleted
[NX Daemon Server] - 2023-05-17T09:48:31.737Z - [REQUEST]: Updated file-hasher based on watched changes, recomputing project graph...
[NX Daemon Server] - 2023-05-17T09:48:31.746Z - Time taken for 'hash changed files from watcher' 20.433907985687256ms
[NX Daemon Server] - 2023-05-17T09:48:31.824Z - [WATCHER]: 1 file(s) created or restored, 1 file(s) modified, 1 file(s) deleted
[NX Daemon Server] - 2023-05-17T09:48:31.948Z - [REQUEST]: Updated file-hasher based on watched changes, recomputing project graph...
[NX Daemon Server] - 2023-05-17T09:48:31.961Z - Time taken for 'hash changed files from watcher' 20.70495295524597ms
[NX Daemon Server] - 2023-05-17T09:48:32.037Z - [WATCHER]: 1 file(s) created or restored, 1 file(s) modified, 1 file(s) deleted
[NX Daemon Server] - 2023-05-17T09:48:32.168Z - [REQUEST]: Updated file-hasher based on watched changes, recomputing project graph...
[NX Daemon Server] - 2023-05-17T09:48:32.180Z - Time taken for 'hash changed files from watcher' 28.05110001564026ms
[NX Daemon Server] - 2023-05-17T09:48:32.253Z - [WATCHER]: 1 file(s) created or restored, 1 file(s) modified, 1 file(s) deleted
[NX Daemon Server] - 2023-05-17T09:48:32.381Z - [REQUEST]: Updated file-hasher based on watched changes, recomputing project graph...
[NX Daemon Server] - 2023-05-17T09:48:32.391Z - Time taken for 'hash changed files from watcher' 25.886215031147003ms
[NX Daemon Server] - 2023-05-17T09:48:32.464Z - [WATCHER]: 1 file(s) created or restored, 1 file(s) modified, 1 file(s) deleted
[NX Daemon Server] - 2023-05-17T09:48:32.585Z - [REQUEST]: Updated file-hasher based on watched changes, recomputing project graph...
[NX Daemon Server] - 2023-05-17T09:48:32.594Z - Time taken for 'hash changed files from watcher' 18.051500976085663ms
[NX Daemon Server] - 2023-05-17T09:48:32.665Z - [WATCHER]: 1 file(s) created or restored, 1 file(s) modified, 1 file(s) deleted
[NX Daemon Server] - 2023-05-17T09:48:32.790Z - [REQUEST]: Updated file-hasher based on watched changes, recomputing project graph...
[NX Daemon Server] - 2023-05-17T09:48:32.801Z - Time taken for 'hash changed files from watcher' 21.85207200050354ms
[NX Daemon Server] - 2023-05-17T09:48:32.870Z - [WATCHER]: 1 file(s) created or restored, 1 file(s) modified, 1 file(s) deleted
[NX Daemon Server] - 2023-05-17T09:48:32.990Z - [REQUEST]: Updated file-hasher based on watched changes, recomputing project graph...
[NX Daemon Server] - 2023-05-17T09:48:33.000Z - Time taken for 'hash changed files from watcher' 17.636515021324158ms
[NX Daemon Server] - 2023-05-17T09:48:33.073Z - [WATCHER]: 1 file(s) created or restored, 1 file(s) modified, 1 file(s) deleted
[NX Daemon Server] - 2023-05-17T09:48:33.193Z - [REQUEST]: Updated file-hasher based on watched changes, recomputing project graph...
[NX Daemon Server] - 2023-05-17T09:48:33.203Z - Time taken for 'hash changed files from watcher' 17.004370987415314ms
[NX Daemon Server] - 2023-05-17T09:48:33.272Z - [WATCHER]: 1 file(s) created or restored, 1 file(s) modified, 1 file(s) deleted
[NX Daemon Server] - 2023-05-17T09:48:33.397Z - [REQUEST]: Updated file-hasher based on watched changes, recomputing project graph...
[NX Daemon Server] - 2023-05-17T09:48:33.409Z - Time taken for 'hash changed files from watcher' 21.28209698200226ms
[NX Daemon Server] - 2023-05-17T09:48:33.484Z - [WATCHER]: 1 file(s) created or restored, 1 file(s) modified, 0 file(s) deleted
[NX Daemon Server] - 2023-05-17T09:48:33.615Z - [REQUEST]: Updated file-hasher based on watched changes, recomputing project graph...
[NX Daemon Server] - 2023-05-17T09:48:33.628Z - Time taken for 'hash changed files from watcher' 27.98176598548889ms
[NX Daemon Server] - 2023-05-17T09:48:33.689Z - [WATCHER]: 1 file(s) created or restored, 1 file(s) modified, 1 file(s) deleted
[NX Daemon Server] - 2023-05-17T09:48:33.819Z - [REQUEST]: Updated file-hasher based on watched changes, recomputing project graph...
[NX Daemon Server] - 2023-05-17T09:48:33.831Z - Time taken for 'hash changed files from watcher' 27.505834996700287ms
[NX Daemon Server] - 2023-05-17T09:48:33.902Z - [WATCHER]: 1 file(s) created or restored, 1 file(s) modified, 1 file(s) deleted
[NX Daemon Server] - 2023-05-17T09:48:34.031Z - [REQUEST]: Updated file-hasher based on watched changes, recomputing project graph...
[NX Daemon Server] - 2023-05-17T09:48:34.043Z - Time taken for 'hash changed files from watcher' 27.046741008758545ms
[NX Daemon Server] - 2023-05-17T09:48:34.112Z - [WATCHER]: 1 file(s) created or restored, 1 file(s) modified, 1 file(s) deleted
[NX Daemon Server] - 2023-05-17T09:48:34.236Z - [REQUEST]: Updated file-hasher based on watched changes, recomputing project graph...
[NX Daemon Server] - 2023-05-17T09:48:34.246Z - Time taken for 'hash changed files from watcher' 20.313339948654175ms
[NX Daemon Server] - 2023-05-17T09:48:34.317Z - [WATCHER]: 1 file(s) created or restored, 1 file(s) modified, 1 file(s) deleted
[NX Daemon Server] - 2023-05-17T09:48:34.437Z - [REQUEST]: Updated file-hasher based on watched changes, recomputing project graph...
[NX Daemon Server] - 2023-05-17T09:48:34.447Z - Time taken for 'hash changed files from watcher' 18.903687953948975ms
[NX Daemon Server] - 2023-05-17T09:48:34.519Z - [WATCHER]: 1 file(s) created or restored, 1 file(s) modified, 1 file(s) deleted
[NX Daemon Server] - 2023-05-17T09:48:34.643Z - [REQUEST]: Updated file-hasher based on watched changes, recomputing project graph...
[NX Daemon Server] - 2023-05-17T09:48:34.654Z - Time taken for 'hash changed files from watcher' 21.05347901582718ms
[NX Daemon Server] - 2023-05-17T09:48:34.717Z - [WATCHER]: 1 file(s) created or restored, 1 file(s) modified, 1 file(s) deleted
[NX Daemon Server] - 2023-05-17T09:48:34.838Z - [REQUEST]: Updated file-hasher based on watched changes, recomputing project graph...
[NX Daemon Server] - 2023-05-17T09:48:34.848Z - Time taken for 'hash changed files from watcher' 17.896004021167755ms
[NX Daemon Server] - 2023-05-17T09:48:34.921Z - [WATCHER]: 1 file(s) created or restored, 1 file(s) modified, 1 file(s) deleted
[NX Daemon Server] - 2023-05-17T09:48:35.047Z - [REQUEST]: Updated file-hasher based on watched changes, recomputing project graph...
[NX Daemon Server] - 2023-05-17T09:48:35.060Z - Time taken for 'hash changed files from watcher' 23.18922197818756ms
[NX Daemon Server] - 2023-05-17T09:48:35.136Z - [WATCHER]: 1 file(s) created or restored, 1 file(s) modified, 1 file(s) deleted
[NX Daemon Server] - 2023-05-17T09:48:35.265Z - [REQUEST]: Updated file-hasher based on watched changes, recomputing project graph...
[NX Daemon Server] - 2023-05-17T09:48:35.276Z - Time taken for 'hash changed files from watcher' 26.513134002685547ms
[NX Daemon Server] - 2023-05-17T09:48:35.350Z - [WATCHER]: 1 file(s) created or restored, 1 file(s) modified, 1 file(s) deleted
[NX Daemon Server] - 2023-05-17T09:48:35.477Z - [REQUEST]: Updated file-hasher based on watched changes, recomputing project graph...
[NX Daemon Server] - 2023-05-17T09:48:35.486Z - Time taken for 'hash changed files from watcher' 25.138666033744812ms
[NX Daemon Server] - 2023-05-17T09:48:35.557Z - [WATCHER]: 1 file(s) created or restored, 1 file(s) modified, 1 file(s) deleted
[NX Daemon Server] - 2023-05-17T09:48:35.682Z - [REQUEST]: Updated file-hasher based on watched changes, recomputing project graph...
[NX Daemon Server] - 2023-05-17T09:48:35.698Z - Time taken for 'hash changed files from watcher' 22.40133500099182ms
[NX Daemon Server] - 2023-05-17T09:48:35.763Z - [WATCHER]: 1 file(s) created or restored, 1 file(s) modified, 1 file(s) deleted
[NX Daemon Server] - 2023-05-17T09:48:35.889Z - [REQUEST]: Updated file-hasher based on watched changes, recomputing project graph...
[NX Daemon Server] - 2023-05-17T09:48:35.900Z - Time taken for 'hash changed files from watcher' 23.154103994369507ms
[NX Daemon Server] - 2023-05-17T09:48:35.972Z - [WATCHER]: 1 file(s) created or restored, 1 file(s) modified, 1 file(s) deleted
[NX Daemon Server] - 2023-05-17T09:48:36.096Z - [REQUEST]: Updated file-hasher based on watched changes, recomputing project graph...
[NX Daemon Server] - 2023-05-17T09:48:36.110Z - Time taken for 'hash changed files from watcher' 21.649836003780365ms
[NX Daemon Server] - 2023-05-17T09:48:36.180Z - [WATCHER]: 1 file(s) created or restored, 1 file(s) modified, 1 file(s) deleted
[NX Daemon Server] - 2023-05-17T09:48:36.313Z - [REQUEST]: Updated file-hasher based on watched changes, recomputing project graph...
[NX Daemon Server] - 2023-05-17T09:48:36.325Z - Time taken for 'hash changed files from watcher' 29.85322594642639ms
[NX Daemon Server] - 2023-05-17T09:48:36.386Z - [WATCHER]: 1 file(s) created or restored, 1 file(s) modified, 1 file(s) deleted
[NX Daemon Server] - 2023-05-17T09:48:36.511Z - [REQUEST]: Updated file-hasher based on watched changes, recomputing project graph...
[NX Daemon Server] - 2023-05-17T09:48:36.522Z - Time taken for 'hash changed files from watcher' 22.961173951625824ms
[NX Daemon Server] - 2023-05-17T09:48:36.592Z - [WATCHER]: 1 file(s) created or restored, 1 file(s) modified, 1 file(s) deleted
[NX Daemon Server] - 2023-05-17T09:48:36.725Z - [REQUEST]: Updated file-hasher based on watched changes, recomputing project graph...
[NX Daemon Server] - 2023-05-17T09:48:36.735Z - Time taken for 'hash changed files from watcher' 29.912604987621307ms
[NX Daemon Server] - 2023-05-17T09:48:36.807Z - [WATCHER]: 1 file(s) created or restored, 1 file(s) modified, 1 file(s) deleted
[NX Daemon Server] - 2023-05-17T09:48:36.932Z - [REQUEST]: Updated file-hasher based on watched changes, recomputing project graph...
[NX Daemon Server] - 2023-05-17T09:48:36.941Z - Time taken for 'hash changed files from watcher' 23.26961201429367ms
[NX Daemon Server] - 2023-05-17T09:48:37.006Z - [WATCHER]: 1 file(s) created or restored, 1 file(s) modified, 1 file(s) deleted
[NX Daemon Server] - 2023-05-17T09:48:37.129Z - [REQUEST]: Updated file-hasher based on watched changes, recomputing project graph...
[NX Daemon Server] - 2023-05-17T09:48:37.140Z - Time taken for 'hash changed files from watcher' 21.76212501525879ms
[NX Daemon Server] - 2023-05-17T09:48:37.212Z - [WATCHER]: 1 file(s) created or restored, 1 file(s) modified, 1 file(s) deleted
[NX Daemon Server] - 2023-05-17T09:48:37.337Z - [REQUEST]: Updated file-hasher based on watched changes, recomputing project graph...
[NX Daemon Server] - 2023-05-17T09:48:37.348Z - Time taken for 'hash changed files from watcher' 21.447227954864502ms
[NX Daemon Server] - 2023-05-17T09:48:37.419Z - [WATCHER]: 1 file(s) created or restored, 1 file(s) modified, 1 file(s) deleted
[NX Daemon Server] - 2023-05-17T09:48:37.542Z - [REQUEST]: Updated file-hasher based on watched changes, recomputing project graph...
[NX Daemon Server] - 2023-05-17T09:48:37.554Z - Time taken for 'hash changed files from watcher' 20.516880989074707ms
[NX Daemon Server] - 2023-05-17T09:48:37.624Z - [WATCHER]: 1 file(s) created or restored, 1 file(s) modified, 1 file(s) deleted
[NX Daemon Server] - 2023-05-17T09:48:37.749Z - [REQUEST]: Updated file-hasher based on watched changes, recomputing project graph...
[NX Daemon Server] - 2023-05-17T09:48:37.761Z - Time taken for 'hash changed files from watcher' 21.208768010139465ms
[NX Daemon Server] - 2023-05-17T09:48:37.835Z - [WATCHER]: 1 file(s) created or restored, 1 file(s) modified, 1 file(s) deleted
[NX Daemon Server] - 2023-05-17T09:48:37.962Z - [REQUEST]: Updated file-hasher based on watched changes, recomputing project graph...
[NX Daemon Server] - 2023-05-17T09:48:37.973Z - Time taken for 'hash changed files from watcher' 24.478000044822693ms
[NX Daemon Server] - 2023-05-17T09:48:38.032Z - [WATCHER]: 1 file(s) created or restored, 1 file(s) modified, 1 file(s) deleted
[NX Daemon Server] - 2023-05-17T09:48:38.162Z - [REQUEST]: Updated file-hasher based on watched changes, recomputing project graph...
[NX Daemon Server] - 2023-05-17T09:48:38.174Z - Time taken for 'hash changed files from watcher' 27.72597998380661ms
[NX Daemon Server] - 2023-05-17T09:48:38.239Z - [WATCHER]: 1 file(s) created or restored, 1 file(s) modified, 1 file(s) deleted
[NX Daemon Server] - 2023-05-17T09:48:38.371Z - [REQUEST]: Updated file-hasher based on watched changes, recomputing project graph...
[NX Daemon Server] - 2023-05-17T09:48:38.381Z - Time taken for 'hash changed files from watcher' 28.776373028755188ms
[NX Daemon Server] - 2023-05-17T09:48:38.455Z - [WATCHER]: 1 file(s) created or restored, 1 file(s) modified, 1 file(s) deleted
[NX Daemon Server] - 2023-05-17T09:48:38.581Z - [REQUEST]: Updated file-hasher based on watched changes, recomputing project graph...
[NX Daemon Server] - 2023-05-17T09:48:38.592Z - Time taken for 'hash changed files from watcher' 22.944594025611877ms
[NX Daemon Server] - 2023-05-17T09:48:38.665Z - [WATCHER]: 1 file(s) created or restored, 1 file(s) modified, 1 file(s) deleted
[NX Daemon Server] - 2023-05-17T09:48:38.788Z - [REQUEST]: Updated file-hasher based on watched changes, recomputing project graph...
[NX Daemon Server] - 2023-05-17T09:48:38.798Z - Time taken for 'hash changed files from watcher' 20.928547978401184ms
[NX Daemon Server] - 2023-05-17T09:48:38.872Z - [WATCHER]: 1 file(s) created or restored, 1 file(s) modified, 1 file(s) deleted
[NX Daemon Server] - 2023-05-17T09:48:38.995Z - [REQUEST]: Updated file-hasher based on watched changes, recomputing project graph...
[NX Daemon Server] - 2023-05-17T09:48:39.007Z - Time taken for 'hash changed files from watcher' 21.24982398748398ms
[NX Daemon Server] - 2023-05-17T09:48:39.081Z - [WATCHER]: 1 file(s) created or restored, 1 file(s) modified, 1 file(s) deleted
[NX Daemon Server] - 2023-05-17T09:48:39.212Z - [REQUEST]: Updated file-hasher based on watched changes, recomputing project graph...
[NX Daemon Server] - 2023-05-17T09:48:39.223Z - Time taken for 'hash changed files from watcher' 26.662994980812073ms
[NX Daemon Server] - 2023-05-17T09:48:39.299Z - [WATCHER]: 1 file(s) created or restored, 1 file(s) modified, 1 file(s) deleted
[NX Daemon Server] - 2023-05-17T09:48:39.428Z - [REQUEST]: Updated file-hasher based on watched changes, recomputing project graph...
[NX Daemon Server] - 2023-05-17T09:48:39.439Z - Time taken for 'hash changed files from watcher' 27.510670006275177ms
[NX Daemon Server] - 2023-05-17T09:48:39.513Z - [WATCHER]: 1 file(s) created or restored, 1 file(s) modified, 1 file(s) deleted
[NX Daemon Server] - 2023-05-17T09:48:39.636Z - [REQUEST]: Updated file-hasher based on watched changes, recomputing project graph...
[NX Daemon Server] - 2023-05-17T09:48:39.665Z - Time taken for 'hash changed files from watcher' 20.81343799829483ms
[NX Daemon Server] - 2023-05-17T09:48:39.739Z - [WATCHER]: 1 file(s) created or restored, 1 file(s) modified, 1 file(s) deleted
[NX Daemon Server] - 2023-05-17T09:48:39.868Z - [REQUEST]: Updated file-hasher based on watched changes, recomputing project graph...
[NX Daemon Server] - 2023-05-17T09:48:39.879Z - Time taken for 'hash changed files from watcher' 26.812810003757477ms
[NX Daemon Server] - 2023-05-17T09:48:39.952Z - [WATCHER]: 1 file(s) created or restored, 1 file(s) modified, 1 file(s) deleted
[NX Daemon Server] - 2023-05-17T09:48:40.079Z - [REQUEST]: Updated file-hasher based on watched changes, recomputing project graph...
[NX Daemon Server] - 2023-05-17T09:48:40.093Z - Time taken for 'hash changed files from watcher' 25.028779983520508ms
[NX Daemon Server] - 2023-05-17T09:48:40.150Z - [WATCHER]: 1 file(s) created or restored, 1 file(s) modified, 1 file(s) deleted
[NX Daemon Server] - 2023-05-17T09:48:40.280Z - [REQUEST]: Updated file-hasher based on watched changes, recomputing project graph...
[NX Daemon Server] - 2023-05-17T09:48:40.290Z - Time taken for 'hash changed files from watcher' 25.764626026153564ms
[NX Daemon Server] - 2023-05-17T09:48:40.365Z - [WATCHER]: 1 file(s) created or restored, 1 file(s) modified, 1 file(s) deleted
[NX Daemon Server] - 2023-05-17T09:48:40.488Z - [REQUEST]: Updated file-hasher based on watched changes, recomputing project graph...
[NX Daemon Server] - 2023-05-17T09:48:40.497Z - Time taken for 'hash changed files from watcher' 20.900591015815735ms
[NX Daemon Server] - 2023-05-17T09:48:40.570Z - [WATCHER]: 1 file(s) created or restored, 1 file(s) modified, 1 file(s) deleted
[NX Daemon Server] - 2023-05-17T09:48:40.693Z - [REQUEST]: Updated file-hasher based on watched changes, recomputing project graph...
[NX Daemon Server] - 2023-05-17T09:48:40.704Z - Time taken for 'hash changed files from watcher' 20.751720011234283ms
[NX Daemon Server] - 2023-05-17T09:48:40.780Z - [WATCHER]: 1 file(s) created or restored, 1 file(s) modified, 1 file(s) deleted
[NX Daemon Server] - 2023-05-17T09:48:40.907Z - [REQUEST]: Updated file-hasher based on watched changes, recomputing project graph...
[NX Daemon Server] - 2023-05-17T09:48:40.918Z - Time taken for 'hash changed files from watcher' 24.421832978725433ms
[NX Daemon Server] - 2023-05-17T09:48:40.994Z - [WATCHER]: 1 file(s) created or restored, 1 file(s) modified, 1 file(s) deleted
[NX Daemon Server] - 2023-05-17T09:48:41.126Z - [REQUEST]: Updated file-hasher based on watched changes, recomputing project graph...
[NX Daemon Server] - 2023-05-17T09:48:41.137Z - Time taken for 'hash changed files from watcher' 29.10979300737381ms
[NX Daemon Server] - 2023-05-17T09:48:41.210Z - [WATCHER]: 1 file(s) created or restored, 1 file(s) modified, 1 file(s) deleted
[NX Daemon Server] - 2023-05-17T09:48:41.333Z - [REQUEST]: Updated file-hasher based on watched changes, recomputing project graph...
[NX Daemon Server] - 2023-05-17T09:48:41.344Z - Time taken for 'hash changed files from watcher' 19.919807016849518ms
[NX Daemon Server] - 2023-05-17T09:48:41.415Z - [WATCHER]: 1 file(s) created or restored, 1 file(s) modified, 1 file(s) deleted
[NX Daemon Server] - 2023-05-17T09:48:41.538Z - [REQUEST]: Updated file-hasher based on watched changes, recomputing project graph...
[NX Daemon Server] - 2023-05-17T09:48:41.550Z - Time taken for 'hash changed files from watcher' 21.252348005771637ms
[NX Daemon Server] - 2023-05-17T09:48:41.622Z - [WATCHER]: 1 file(s) created or restored, 1 file(s) modified, 1 file(s) deleted
[NX Daemon Server] - 2023-05-17T09:48:41.746Z - [REQUEST]: Updated file-hasher based on watched changes, recomputing project graph...
[NX Daemon Server] - 2023-05-17T09:48:41.758Z - Time taken for 'hash changed files from watcher' 20.81971299648285ms
[NX Daemon Server] - 2023-05-17T09:48:41.830Z - [WATCHER]: 1 file(s) created or restored, 1 file(s) modified, 1 file(s) deleted
[NX Daemon Server] - 2023-05-17T09:48:41.958Z - [REQUEST]: Updated file-hasher based on watched changes, recomputing project graph...
[NX Daemon Server] - 2023-05-17T09:48:41.970Z - Time taken for 'hash changed files from watcher' 25.430107951164246ms
[NX Daemon Server] - 2023-05-17T09:48:42.031Z - [WATCHER]: 1 file(s) created or restored, 1 file(s) modified, 1 file(s) deleted
[NX Daemon Server] - 2023-05-17T09:48:42.160Z - [REQUEST]: Updated file-hasher based on watched changes, recomputing project graph...
[NX Daemon Server] - 2023-05-17T09:48:42.171Z - Time taken for 'hash changed files from watcher' 26.287146985530853ms
[NX Daemon Server] - 2023-05-17T09:48:42.243Z - [WATCHER]: 1 file(s) created or restored, 1 file(s) modified, 1 file(s) deleted
[NX Daemon Server] - 2023-05-17T09:48:42.373Z - [REQUEST]: Updated file-hasher based on watched changes, recomputing project graph...
[NX Daemon Server] - 2023-05-17T09:48:42.384Z - Time taken for 'hash changed files from watcher' 27.881009995937347ms
[NX Daemon Server] - 2023-05-17T09:48:42.456Z - [WATCHER]: 1 file(s) created or restored, 1 file(s) modified, 1 file(s) deleted
[NX Daemon Server] - 2023-05-17T09:48:42.581Z - [REQUEST]: Updated file-hasher based on watched changes, recomputing project graph...
[NX Daemon Server] - 2023-05-17T09:48:42.592Z - Time taken for 'hash changed files from watcher' 23.065216958522797ms
[NX Daemon Server] - 2023-05-17T09:48:42.653Z - [WATCHER]: 1 file(s) created or restored, 1 file(s) modified, 1 file(s) deleted
[NX Daemon Server] - 2023-05-17T09:48:42.780Z - [REQUEST]: Updated file-hasher based on watched changes, recomputing project graph...
[NX Daemon Server] - 2023-05-17T09:48:42.789Z - Time taken for 'hash changed files from watcher' 24.557129979133606ms
[NX Daemon Server] - 2023-05-17T09:48:42.866Z - [WATCHER]: 1 file(s) created or restored, 1 file(s) modified, 1 file(s) deleted
[NX Daemon Server] - 2023-05-17T09:48:42.990Z - [REQUEST]: Updated file-hasher based on watched changes, recomputing project graph...
[NX Daemon Server] - 2023-05-17T09:48:43.002Z - Time taken for 'hash changed files from watcher' 20.881054997444153ms
[NX Daemon Server] - 2023-05-17T09:48:43.072Z - [WATCHER]: 1 file(s) created or restored, 1 file(s) modified, 1 file(s) deleted
[NX Daemon Server] - 2023-05-17T09:48:43.197Z - [REQUEST]: Updated file-hasher based on watched changes, recomputing project graph...
[NX Daemon Server] - 2023-05-17T09:48:43.210Z - Time taken for 'hash changed files from watcher' 21.503504037857056ms
[NX Daemon Server] - 2023-05-17T09:48:43.287Z - [WATCHER]: 1 file(s) created or restored, 1 file(s) modified, 1 file(s) deleted
[NX Daemon Server] - 2023-05-17T09:48:43.418Z - [REQUEST]: Updated file-hasher based on watched changes, recomputing project graph...
[NX Daemon Server] - 2023-05-17T09:48:43.428Z - Time taken for 'hash changed files from watcher' 28.434073984622955ms
[NX Daemon Server] - 2023-05-17T09:48:43.490Z - [WATCHER]: 1 file(s) created or restored, 1 file(s) modified, 1 file(s) deleted
[NX Daemon Server] - 2023-05-17T09:48:43.621Z - [REQUEST]: Updated file-hasher based on watched changes, recomputing project graph...
[NX Daemon Server] - 2023-05-17T09:48:43.631Z - Time taken for 'hash changed files from watcher' 28.055837988853455ms
[NX Daemon Server] - 2023-05-17T09:48:43.703Z - [WATCHER]: 1 file(s) created or restored, 1 file(s) modified, 1 file(s) deleted
[NX Daemon Server] - 2023-05-17T09:48:43.831Z - [REQUEST]: Updated file-hasher based on watched changes, recomputing project graph...
[NX Daemon Server] - 2023-05-17T09:48:43.844Z - Time taken for 'hash changed files from watcher' 26.26639598608017ms
[NX Daemon Server] - 2023-05-17T09:48:43.915Z - [WATCHER]: 1 file(s) created or restored, 1 file(s) modified, 1 file(s) deleted
[NX Daemon Server] - 2023-05-17T09:48:44.040Z - [REQUEST]: Updated file-hasher based on watched changes, recomputing project graph...
[NX Daemon Server] - 2023-05-17T09:48:44.050Z - Time taken for 'hash changed files from watcher' 21.164344012737274ms
[NX Daemon Server] - 2023-05-17T09:48:44.122Z - [WATCHER]: 1 file(s) created or restored, 1 file(s) modified, 1 file(s) deleted
[NX Daemon Server] - 2023-05-17T09:48:44.246Z - [REQUEST]: Updated file-hasher based on watched changes, recomputing project graph...
[NX Daemon Server] - 2023-05-17T09:48:44.258Z - Time taken for 'hash changed files from watcher' 21.06511002779007ms
[NX Daemon Server] - 2023-05-17T09:48:44.337Z - [WATCHER]: 1 file(s) created or restored, 1 file(s) modified, 1 file(s) deleted
[NX Daemon Server] - 2023-05-17T09:48:44.468Z - [REQUEST]: Updated file-hasher based on watched changes, recomputing project graph...
[NX Daemon Server] - 2023-05-17T09:48:44.478Z - Time taken for 'hash changed files from watcher' 28.673394978046417ms
[NX Daemon Server] - 2023-05-17T09:48:44.545Z - [WATCHER]: 1 file(s) created or restored, 1 file(s) modified, 1 file(s) deleted
[NX Daemon Server] - 2023-05-17T09:48:44.676Z - [REQUEST]: Updated file-hasher based on watched changes, recomputing project graph...
[NX Daemon Server] - 2023-05-17T09:48:44.686Z - Time taken for 'hash changed files from watcher' 28.28529703617096ms
[NX Daemon Server] - 2023-05-17T09:48:44.758Z - [WATCHER]: 1 file(s) created or restored, 1 file(s) modified, 1 file(s) deleted
[NX Daemon Server] - 2023-05-17T09:48:44.882Z - [REQUEST]: Updated file-hasher based on watched changes, recomputing project graph...
[NX Daemon Server] - 2023-05-17T09:48:44.892Z - Time taken for 'hash changed files from watcher' 21.872507989406586ms
[NX Daemon Server] - 2023-05-17T09:48:44.964Z - [WATCHER]: 1 file(s) created or restored, 1 file(s) modified, 1 file(s) deleted
[NX Daemon Server] - 2023-05-17T09:48:45.087Z - [REQUEST]: Updated file-hasher based on watched changes, recomputing project graph...
[NX Daemon Server] - 2023-05-17T09:48:45.096Z - Time taken for 'hash changed files from watcher' 20.264124035835266ms
[NX Daemon Server] - 2023-05-17T09:48:45.158Z - [WATCHER]: 1 file(s) created or restored, 1 file(s) modified, 1 file(s) deleted
[NX Daemon Server] - 2023-05-17T09:48:45.282Z - [REQUEST]: Updated file-hasher based on watched changes, recomputing project graph...
[NX Daemon Server] - 2023-05-17T09:48:45.293Z - Time taken for 'hash changed files from watcher' 21.987524032592773ms
[NX Daemon Server] - 2023-05-17T09:48:45.365Z - [WATCHER]: 1 file(s) created or restored, 1 file(s) modified, 1 file(s) deleted
[NX Daemon Server] - 2023-05-17T09:48:45.488Z - [REQUEST]: Updated file-hasher based on watched changes, recomputing project graph...
[NX Daemon Server] - 2023-05-17T09:48:45.497Z - Time taken for 'hash changed files from watcher' 20.58828902244568ms
[NX Daemon Server] - 2023-05-17T09:48:45.568Z - [WATCHER]: 1 file(s) created or restored, 1 file(s) modified, 1 file(s) deleted
[NX Daemon Server] - 2023-05-17T09:48:45.692Z - [REQUEST]: Updated file-hasher based on watched changes, recomputing project graph...
[NX Daemon Server] - 2023-05-17T09:48:45.704Z - Time taken for 'hash changed files from watcher' 21.43213701248169ms
[NX Daemon Server] - 2023-05-17T09:48:45.774Z - [WATCHER]: 1 file(s) created or restored, 1 file(s) modified, 1 file(s) deleted
[NX Daemon Server] - 2023-05-17T09:48:45.900Z - [REQUEST]: Updated file-hasher based on watched changes, recomputing project graph...
[NX Daemon Server] - 2023-05-17T09:48:45.912Z - Time taken for 'hash changed files from watcher' 22.775008022785187ms
[NX Daemon Server] - 2023-05-17T09:48:45.986Z - [WATCHER]: 1 file(s) created or restored, 1 file(s) modified, 1 file(s) deleted
[NX Daemon Server] - 2023-05-17T09:48:46.110Z - [REQUEST]: Updated file-hasher based on watched changes, recomputing project graph...
[NX Daemon Server] - 2023-05-17T09:48:46.120Z - Time taken for 'hash changed files from watcher' 22.3180770277977ms
[NX Daemon Server] - 2023-05-17T09:48:46.193Z - [WATCHER]: 1 file(s) created or restored, 1 file(s) modified, 1 file(s) deleted
[NX Daemon Server] - 2023-05-17T09:48:46.319Z - [REQUEST]: Updated file-hasher based on watched changes, recomputing project graph...
[NX Daemon Server] - 2023-05-17T09:48:46.328Z - Time taken for 'hash changed files from watcher' 22.98784703016281ms
[NX Daemon Server] - 2023-05-17T09:48:46.402Z - [WATCHER]: 1 file(s) created or restored, 1 file(s) modified, 1 file(s) deleted
[NX Daemon Server] - 2023-05-17T09:48:46.530Z - [REQUEST]: Updated file-hasher based on watched changes, recomputing project graph...
[NX Daemon Server] - 2023-05-17T09:48:46.541Z - Time taken for 'hash changed files from watcher' 25.682509005069733ms
[NX Daemon Server] - 2023-05-17T09:48:46.615Z - [WATCHER]: 1 file(s) created or restored, 1 file(s) modified, 1 file(s) deleted
[NX Daemon Server] - 2023-05-17T09:48:46.739Z - [REQUEST]: Updated file-hasher based on watched changes, recomputing project graph...
[NX Daemon Server] - 2023-05-17T09:48:46.751Z - Time taken for 'hash changed files from watcher' 21.02362298965454ms
[NX Daemon Server] - 2023-05-17T09:48:46.820Z - [WATCHER]: 1 file(s) created or restored, 1 file(s) modified, 1 file(s) deleted
[NX Daemon Server] - 2023-05-17T09:48:46.944Z - [REQUEST]: Updated file-hasher based on watched changes, recomputing project graph...
[NX Daemon Server] - 2023-05-17T09:48:46.955Z - Time taken for 'hash changed files from watcher' 21.10046398639679ms
[NX Daemon Server] - 2023-05-17T09:48:47.032Z - [WATCHER]: 1 file(s) created or restored, 1 file(s) modified, 1 file(s) deleted
[NX Daemon Server] - 2023-05-17T09:48:47.159Z - [REQUEST]: Updated file-hasher based on watched changes, recomputing project graph...
[NX Daemon Server] - 2023-05-17T09:48:47.170Z - Time taken for 'hash changed files from watcher' 25.6854909658432ms
[NX Daemon Server] - 2023-05-17T09:48:47.236Z - [WATCHER]: 1 file(s) created or restored, 1 file(s) modified, 1 file(s) deleted
[NX Daemon Server] - 2023-05-17T09:48:47.368Z - [REQUEST]: Updated file-hasher based on watched changes, recomputing project graph...
[NX Daemon Server] - 2023-05-17T09:48:47.380Z - Time taken for 'hash changed files from watcher' 28.75237399339676ms
[NX Daemon Server] - 2023-05-17T09:48:47.439Z - [WATCHER]: 1 file(s) created or restored, 1 file(s) modified, 1 file(s) deleted
[NX Daemon Server] - 2023-05-17T09:48:47.572Z - [REQUEST]: Updated file-hasher based on watched changes, recomputing project graph...
[NX Daemon Server] - 2023-05-17T09:48:47.581Z - Time taken for 'hash changed files from watcher' 30.087426006793976ms
[NX Daemon Server] - 2023-05-17T09:48:47.653Z - [WATCHER]: 1 file(s) created or restored, 1 file(s) modified, 1 file(s) deleted
[NX Daemon Server] - 2023-05-17T09:48:47.780Z - [REQUEST]: Updated file-hasher based on watched changes, recomputing project graph...
[NX Daemon Server] - 2023-05-17T09:48:47.790Z - Time taken for 'hash changed files from watcher' 25.384898006916046ms
[NX Daemon Server] - 2023-05-17T09:48:47.862Z - [WATCHER]: 1 file(s) created or restored, 1 file(s) modified, 1 file(s) deleted
[NX Daemon Server] - 2023-05-17T09:48:47.984Z - [REQUEST]: Updated file-hasher based on watched changes, recomputing project graph...
[NX Daemon Server] - 2023-05-17T09:48:47.994Z - Time taken for 'hash changed files from watcher' 19.59873503446579ms
[NX Daemon Server] - 2023-05-17T09:48:48.065Z - [WATCHER]: 1 file(s) created or restored, 1 file(s) modified, 1 file(s) deleted
[NX Daemon Server] - 2023-05-17T09:48:48.188Z - [REQUEST]: Updated file-hasher based on watched changes, recomputing project graph...
[NX Daemon Server] - 2023-05-17T09:48:48.198Z - Time taken for 'hash changed files from watcher' 20.56236696243286ms
[NX Daemon Server] - 2023-05-17T09:48:48.270Z - [WATCHER]: 1 file(s) created or restored, 1 file(s) modified, 1 file(s) deleted
[NX Daemon Server] - 2023-05-17T09:48:48.395Z - [REQUEST]: Updated file-hasher based on watched changes, recomputing project graph...
[NX Daemon Server] - 2023-05-17T09:48:48.405Z - Time taken for 'hash changed files from watcher' 21.40338099002838ms
[NX Daemon Server] - 2023-05-17T09:48:48.473Z - [WATCHER]: 1 file(s) created or restored, 1 file(s) modified, 1 file(s) deleted
[NX Daemon Server] - 2023-05-17T09:48:48.597Z - [REQUEST]: Updated file-hasher based on watched changes, recomputing project graph...
[NX Daemon Server] - 2023-05-17T09:48:48.608Z - Time taken for 'hash changed files from watcher' 21.192474007606506ms
[NX Daemon Server] - 2023-05-17T09:48:48.678Z - [WATCHER]: 1 file(s) created or restored, 1 file(s) modified, 1 file(s) deleted
[NX Daemon Server] - 2023-05-17T09:48:48.805Z - [REQUEST]: Updated file-hasher based on watched changes, recomputing project graph...
[NX Daemon Server] - 2023-05-17T09:48:48.819Z - Time taken for 'hash changed files from watcher' 23.906953036785126ms
[NX Daemon Server] - 2023-05-17T09:48:48.878Z - [WATCHER]: 1 file(s) created or restored, 1 file(s) modified, 1 file(s) deleted
[NX Daemon Server] - 2023-05-17T09:48:49.005Z - [REQUEST]: Updated file-hasher based on watched changes, recomputing project graph...
[NX Daemon Server] - 2023-05-17T09:48:49.016Z - Time taken for 'hash changed files from watcher' 23.53864997625351ms
[NX Daemon Server] - 2023-05-17T09:48:49.088Z - [WATCHER]: 1 file(s) created or restored, 1 file(s) modified, 1 file(s) deleted
[NX Daemon Server] - 2023-05-17T09:48:49.221Z - [REQUEST]: Updated file-hasher based on watched changes, recomputing project graph...
[NX Daemon Server] - 2023-05-17T09:48:49.230Z - Time taken for 'hash changed files from watcher' 29.602809965610504ms
[NX Daemon Server] - 2023-05-17T09:48:49.304Z - [WATCHER]: 1 file(s) created or restored, 1 file(s) modified, 1 file(s) deleted
[NX Daemon Server] - 2023-05-17T09:48:49.428Z - [REQUEST]: Updated file-hasher based on watched changes, recomputing project graph...
[NX Daemon Server] - 2023-05-17T09:48:49.437Z - Time taken for 'hash changed files from watcher' 21.67400199174881ms
[NX Daemon Server] - 2023-05-17T09:48:49.509Z - [WATCHER]: 1 file(s) created or restored, 1 file(s) modified, 1 file(s) deleted
[NX Daemon Server] - 2023-05-17T09:48:49.660Z - [REQUEST]: Updated file-hasher based on watched changes, recomputing project graph...
[NX Daemon Server] - 2023-05-17T09:48:49.671Z - Time taken for 'hash changed files from watcher' 42.866366028785706ms
[NX Daemon Server] - 2023-05-17T09:48:49.742Z - [WATCHER]: 1 file(s) created or restored, 1 file(s) modified, 1 file(s) deleted
[NX Daemon Server] - 2023-05-17T09:48:49.874Z - [REQUEST]: Updated file-hasher based on watched changes, recomputing project graph...
[NX Daemon Server] - 2023-05-17T09:48:49.884Z - Time taken for 'hash changed files from watcher' 30.122866988182068ms
[NX Daemon Server] - 2023-05-17T09:48:49.955Z - [WATCHER]: 1 file(s) created or restored, 1 file(s) modified, 1 file(s) deleted
[NX Daemon Server] - 2023-05-17T09:48:50.080Z - [REQUEST]: Updated file-hasher based on watched changes, recomputing project graph...
[NX Daemon Server] - 2023-05-17T09:48:50.090Z - Time taken for 'hash changed files from watcher' 23.55562001466751ms
[NX Daemon Server] - 2023-05-17T09:48:50.159Z - [WATCHER]: 1 file(s) created or restored, 1 file(s) modified, 1 file(s) deleted
[NX Daemon Server] - 2023-05-17T09:48:50.283Z - [REQUEST]: Updated file-hasher based on watched changes, recomputing project graph...
[NX Daemon Server] - 2023-05-17T09:48:50.296Z - Time taken for 'hash changed files from watcher' 22.203821003437042ms
[NX Daemon Server] - 2023-05-17T09:48:50.365Z - [WATCHER]: 1 file(s) created or restored, 1 file(s) modified, 1 file(s) deleted
[NX Daemon Server] - 2023-05-17T09:48:50.488Z - [REQUEST]: Updated file-hasher based on watched changes, recomputing project graph...
[NX Daemon Server] - 2023-05-17T09:48:50.498Z - Time taken for 'hash changed files from watcher' 20.99521505832672ms
[NX Daemon Server] - 2023-05-17T09:48:50.571Z - [WATCHER]: 1 file(s) created or restored, 1 file(s) modified, 1 file(s) deleted
[NX Daemon Server] - 2023-05-17T09:48:50.694Z - [REQUEST]: Updated file-hasher based on watched changes, recomputing project graph...
[NX Daemon Server] - 2023-05-17T09:48:50.705Z - Time taken for 'hash changed files from watcher' 21.226099014282227ms
[NX Daemon Server] - 2023-05-17T09:48:50.778Z - [WATCHER]: 1 file(s) created or restored, 1 file(s) modified, 1 file(s) deleted
[NX Daemon Server] - 2023-05-17T09:48:50.906Z - [REQUEST]: Updated file-hasher based on watched changes, recomputing project graph...
[NX Daemon Server] - 2023-05-17T09:48:50.915Z - Time taken for 'hash changed files from watcher' 23.869736969470978ms
[NX Daemon Server] - 2023-05-17T09:48:50.979Z - [WATCHER]: 1 file(s) created or restored, 1 file(s) modified, 1 file(s) deleted
[NX Daemon Server] - 2023-05-17T09:48:51.109Z - [REQUEST]: Updated file-hasher based on watched changes, recomputing project graph...
[NX Daemon Server] - 2023-05-17T09:48:51.120Z - Time taken for 'hash changed files from watcher' 26.14191299676895ms
[NX Daemon Server] - 2023-05-17T09:48:51.196Z - [WATCHER]: 1 file(s) created or restored, 1 file(s) modified, 1 file(s) deleted
[NX Daemon Server] - 2023-05-17T09:48:51.327Z - [REQUEST]: Updated file-hasher based on watched changes, recomputing project graph...
[NX Daemon Server] - 2023-05-17T09:48:51.337Z - Time taken for 'hash changed files from watcher' 29.235958993434906ms
[NX Daemon Server] - 2023-05-17T09:48:51.412Z - [WATCHER]: 1 file(s) created or restored, 1 file(s) modified, 1 file(s) deleted
[NX Daemon Server] - 2023-05-17T09:48:51.536Z - [REQUEST]: Updated file-hasher based on watched changes, recomputing project graph...
[NX Daemon Server] - 2023-05-17T09:48:51.545Z - Time taken for 'hash changed files from watcher' 20.760824978351593ms
[NX Daemon Server] - 2023-05-17T09:48:51.618Z - [WATCHER]: 1 file(s) created or restored, 1 file(s) modified, 1 file(s) deleted
[NX Daemon Server] - 2023-05-17T09:48:51.742Z - [REQUEST]: Updated file-hasher based on watched changes, recomputing project graph...
[NX Daemon Server] - 2023-05-17T09:48:51.753Z - Time taken for 'hash changed files from watcher' 20.496564984321594ms
[NX Daemon Server] - 2023-05-17T09:48:51.828Z - [WATCHER]: 1 file(s) created or restored, 1 file(s) modified, 1 file(s) deleted
[NX Daemon Server] - 2023-05-17T09:48:51.956Z - [REQUEST]: Updated file-hasher based on watched changes, recomputing project graph...
[NX Daemon Server] - 2023-05-17T09:48:51.966Z - Time taken for 'hash changed files from watcher' 24.982346057891846ms
[NX Daemon Server] - 2023-05-17T09:48:52.044Z - [WATCHER]: 1 file(s) created or restored, 1 file(s) modified, 1 file(s) deleted
[NX Daemon Server] - 2023-05-17T09:48:52.175Z - [REQUEST]: Updated file-hasher based on watched changes, recomputing project graph...
[NX Daemon Server] - 2023-05-17T09:48:52.186Z - Time taken for 'hash changed files from watcher' 28.694082021713257ms
[NX Daemon Server] - 2023-05-17T09:48:52.258Z - [WATCHER]: 1 file(s) created or restored, 1 file(s) modified, 1 file(s) deleted
[NX Daemon Server] - 2023-05-17T09:48:52.383Z - [REQUEST]: Updated file-hasher based on watched changes, recomputing project graph...
[NX Daemon Server] - 2023-05-17T09:48:52.395Z - Time taken for 'hash changed files from watcher' 22.11474299430847ms
[NX Daemon Server] - 2023-05-17T09:48:52.464Z - [WATCHER]: 1 file(s) created or restored, 1 file(s) modified, 1 file(s) deleted
[NX Daemon Server] - 2023-05-17T09:48:52.586Z - [REQUEST]: Updated file-hasher based on watched changes, recomputing project graph...
[NX Daemon Server] - 2023-05-17T09:48:52.597Z - Time taken for 'hash changed files from watcher' 20.18521100282669ms
[NX Daemon Server] - 2023-05-17T09:48:52.665Z - [WATCHER]: 1 file(s) created or restored, 1 file(s) modified, 1 file(s) deleted
[NX Daemon Server] - 2023-05-17T09:48:52.788Z - [REQUEST]: Updated file-hasher based on watched changes, recomputing project graph...
[NX Daemon Server] - 2023-05-17T09:48:52.798Z - Time taken for 'hash changed files from watcher' 20.218886017799377ms
[NX Daemon Server] - 2023-05-17T09:48:52.871Z - [WATCHER]: 1 file(s) created or restored, 1 file(s) modified, 1 file(s) deleted
[NX Daemon Server] - 2023-05-17T09:48:52.993Z - [REQUEST]: Updated file-hasher based on watched changes, recomputing project graph...
[NX Daemon Server] - 2023-05-17T09:48:53.004Z - Time taken for 'hash changed files from watcher' 19.555037021636963ms
[NX Daemon Server] - 2023-05-17T09:48:53.076Z - [WATCHER]: 1 file(s) created or restored, 1 file(s) modified, 1 file(s) deleted
[NX Daemon Server] - 2023-05-17T09:48:53.202Z - [REQUEST]: Updated file-hasher based on watched changes, recomputing project graph...
[NX Daemon Server] - 2023-05-17T09:48:53.214Z - Time taken for 'hash changed files from watcher' 23.20659899711609ms
[NX Daemon Server] - 2023-05-17T09:48:53.287Z - [WATCHER]: 1 file(s) created or restored, 1 file(s) modified, 1 file(s) deleted
[NX Daemon Server] - 2023-05-17T09:48:53.417Z - [REQUEST]: Updated file-hasher based on watched changes, recomputing project graph...
[NX Daemon Server] - 2023-05-17T09:48:53.427Z - Time taken for 'hash changed files from watcher' 27.11877703666687ms
[NX Daemon Server] - 2023-05-17T09:48:53.504Z - [WATCHER]: 1 file(s) created or restored, 1 file(s) modified, 1 file(s) deleted
[NX Daemon Server] - 2023-05-17T09:48:53.629Z - [REQUEST]: Updated file-hasher based on watched changes, recomputing project graph...
[NX Daemon Server] - 2023-05-17T09:48:53.638Z - Time taken for 'hash changed files from watcher' 22.812307000160217ms
[NX Daemon Server] - 2023-05-17T09:48:53.709Z - [WATCHER]: 1 file(s) created or restored, 1 file(s) modified, 1 file(s) deleted
[NX Daemon Server] - 2023-05-17T09:48:53.832Z - [REQUEST]: Updated file-hasher based on watched changes, recomputing project graph...
[NX Daemon Server] - 2023-05-17T09:48:53.841Z - Time taken for 'hash changed files from watcher' 20.843650996685028ms
[NX Daemon Server] - 2023-05-17T09:48:53.915Z - [WATCHER]: 1 file(s) created or restored, 1 file(s) modified, 1 file(s) deleted
[NX Daemon Server] - 2023-05-17T09:48:54.038Z - [REQUEST]: Updated file-hasher based on watched changes, recomputing project graph...
[NX Daemon Server] - 2023-05-17T09:48:54.053Z - Time taken for 'hash changed files from watcher' 20.36651998758316ms
[NX Daemon Server] - 2023-05-17T09:48:54.118Z - [WATCHER]: 1 file(s) created or restored, 1 file(s) modified, 1 file(s) deleted
[NX Daemon Server] - 2023-05-17T09:48:54.238Z - [REQUEST]: Updated file-hasher based on watched changes, recomputing project graph...
[NX Daemon Server] - 2023-05-17T09:48:54.247Z - Time taken for 'hash changed files from watcher' 17.271258056163788ms
[NX Daemon Server] - 2023-05-17T09:48:54.321Z - [WATCHER]: 1 file(s) created or restored, 1 file(s) modified, 1 file(s) deleted
[NX Daemon Server] - 2023-05-17T09:48:54.443Z - [REQUEST]: Updated file-hasher based on watched changes, recomputing project graph...
[NX Daemon Server] - 2023-05-17T09:48:54.453Z - Time taken for 'hash changed files from watcher' 18.957628965377808ms
[NX Daemon Server] - 2023-05-17T09:48:54.528Z - [WATCHER]: 1 file(s) created or restored, 1 file(s) modified, 1 file(s) deleted
[NX Daemon Server] - 2023-05-17T09:48:54.655Z - [REQUEST]: Updated file-hasher based on watched changes, recomputing project graph...
[NX Daemon Server] - 2023-05-17T09:48:54.665Z - Time taken for 'hash changed files from watcher' 23.54932802915573ms
[NX Daemon Server] - 2023-05-17T09:48:54.738Z - [WATCHER]: 1 file(s) created or restored, 1 file(s) modified, 1 file(s) deleted
[NX Daemon Server] - 2023-05-17T09:48:54.871Z - [REQUEST]: Updated file-hasher based on watched changes, recomputing project graph...
[NX Daemon Server] - 2023-05-17T09:48:54.883Z - Time taken for 'hash changed files from watcher' 29.968864023685455ms
[NX Daemon Server] - 2023-05-17T09:48:54.954Z - [WATCHER]: 1 file(s) created or restored, 1 file(s) modified, 1 file(s) deleted
[NX Daemon Server] - 2023-05-17T09:48:55.080Z - [REQUEST]: Updated file-hasher based on watched changes, recomputing project graph...
[NX Daemon Server] - 2023-05-17T09:48:55.090Z - Time taken for 'hash changed files from watcher' 23.034922003746033ms
[NX Daemon Server] - 2023-05-17T09:48:55.165Z - [WATCHER]: 1 file(s) created or restored, 1 file(s) modified, 1 file(s) deleted
[NX Daemon Server] - 2023-05-17T09:48:55.289Z - [REQUEST]: Updated file-hasher based on watched changes, recomputing project graph...
[NX Daemon Server] - 2023-05-17T09:48:55.299Z - Time taken for 'hash changed files from watcher' 20.541244983673096ms
[NX Daemon Server] - 2023-05-17T09:48:55.369Z - [WATCHER]: 1 file(s) created or restored, 1 file(s) modified, 1 file(s) deleted
[NX Daemon Server] - 2023-05-17T09:48:55.492Z - [REQUEST]: Updated file-hasher based on watched changes, recomputing project graph...
[NX Daemon Server] - 2023-05-17T09:48:55.505Z - Time taken for 'hash changed files from watcher' 20.903414011001587ms
[NX Daemon Server] - 2023-05-17T09:48:55.577Z - [WATCHER]: 1 file(s) created or restored, 1 file(s) modified, 1 file(s) deleted
[NX Daemon Server] - 2023-05-17T09:48:55.703Z - [REQUEST]: Updated file-hasher based on watched changes, recomputing project graph...
[NX Daemon Server] - 2023-05-17T09:48:55.714Z - Time taken for 'hash changed files from watcher' 22.604063034057617ms
[NX Daemon Server] - 2023-05-17T09:48:55.791Z - [WATCHER]: 1 file(s) created or restored, 1 file(s) modified, 1 file(s) deleted
[NX Daemon Server] - 2023-05-17T09:48:55.916Z - [REQUEST]: Updated file-hasher based on watched changes, recomputing project graph...
[NX Daemon Server] - 2023-05-17T09:48:55.924Z - Time taken for 'hash changed files from watcher' 23.22059202194214ms
[NX Daemon Server] - 2023-05-17T09:48:55.996Z - [WATCHER]: 1 file(s) created or restored, 1 file(s) modified, 1 file(s) deleted
[NX Daemon Server] - 2023-05-17T09:48:56.121Z - [REQUEST]: Updated file-hasher based on watched changes, recomputing project graph...
[NX Daemon Server] - 2023-05-17T09:48:56.130Z - Time taken for 'hash changed files from watcher' 23.71010595560074ms
[NX Daemon Server] - 2023-05-17T09:48:56.202Z - [WATCHER]: 1 file(s) created or restored, 1 file(s) modified, 1 file(s) deleted
[NX Daemon Server] - 2023-05-17T09:48:56.325Z - [REQUEST]: Updated file-hasher based on watched changes, recomputing project graph...
[NX Daemon Server] - 2023-05-17T09:48:56.334Z - Time taken for 'hash changed files from watcher' 20.895577013492584ms
[NX Daemon Server] - 2023-05-17T09:48:56.404Z - [WATCHER]: 1 file(s) created or restored, 1 file(s) modified, 1 file(s) deleted
[NX Daemon Server] - 2023-05-17T09:48:56.525Z - [REQUEST]: Updated file-hasher based on watched changes, recomputing project graph...
[NX Daemon Server] - 2023-05-17T09:48:56.533Z - Time taken for 'hash changed files from watcher' 19.81003499031067ms
[NX Daemon Server] - 2023-05-17T09:48:56.606Z - [WATCHER]: 1 file(s) created or restored, 1 file(s) modified, 1 file(s) deleted
[NX Daemon Server] - 2023-05-17T09:48:56.777Z - [REQUEST]: Updated file-hasher based on watched changes, recomputing project graph...
[NX Daemon Server] - 2023-05-17T09:48:56.785Z - Time taken for 'hash changed files from watcher' 68.49949997663498ms
[NX Daemon Server] - 2023-05-17T09:48:56.851Z - [WATCHER]: 1 file(s) created or restored, 1 file(s) modified, 1 file(s) deleted
[NX Daemon Server] - 2023-05-17T09:48:56.976Z - [REQUEST]: Updated file-hasher based on watched changes, recomputing project graph...
[NX Daemon Server] - 2023-05-17T09:48:56.992Z - Time taken for 'hash changed files from watcher' 22.887343049049377ms
[NX Daemon Server] - 2023-05-17T09:48:57.061Z - [WATCHER]: 1 file(s) created or restored, 1 file(s) modified, 1 file(s) deleted
[NX Daemon Server] - 2023-05-17T09:48:57.179Z - [REQUEST]: Updated file-hasher based on watched changes, recomputing project graph...
[NX Daemon Server] - 2023-05-17T09:48:57.187Z - Time taken for 'hash changed files from watcher' 15.67062795162201ms
[NX Daemon Server] - 2023-05-17T09:48:57.259Z - [WATCHER]: 1 file(s) created or restored, 1 file(s) modified, 1 file(s) deleted
[NX Daemon Server] - 2023-05-17T09:48:57.379Z - [REQUEST]: Updated file-hasher based on watched changes, recomputing project graph...
[NX Daemon Server] - 2023-05-17T09:48:57.387Z - Time taken for 'hash changed files from watcher' 17.955959022045135ms
[NX Daemon Server] - 2023-05-17T09:48:57.456Z - [WATCHER]: 1 file(s) created or restored, 1 file(s) modified, 1 file(s) deleted
[NX Daemon Server] - 2023-05-17T09:48:57.577Z - [REQUEST]: Updated file-hasher based on watched changes, recomputing project graph...
[NX Daemon Server] - 2023-05-17T09:48:57.586Z - Time taken for 'hash changed files from watcher' 18.533402025699615ms
[NX Daemon Server] - 2023-05-17T09:48:57.659Z - [WATCHER]: 1 file(s) created or restored, 1 file(s) modified, 1 file(s) deleted
[NX Daemon Server] - 2023-05-17T09:48:57.781Z - [REQUEST]: Updated file-hasher based on watched changes, recomputing project graph...
[NX Daemon Server] - 2023-05-17T09:48:57.791Z - Time taken for 'hash changed files from watcher' 19.690352976322174ms
[NX Daemon Server] - 2023-05-17T09:48:57.863Z - [WATCHER]: 1 file(s) created or restored, 1 file(s) modified, 1 file(s) deleted
[NX Daemon Server] - 2023-05-17T09:48:57.980Z - [REQUEST]: Updated file-hasher based on watched changes, recomputing project graph...
[NX Daemon Server] - 2023-05-17T09:48:57.987Z - Time taken for 'hash changed files from watcher' 15.128139019012451ms
[NX Daemon Server] - 2023-05-17T09:48:58.060Z - [WATCHER]: 1 file(s) created or restored, 1 file(s) modified, 1 file(s) deleted
[NX Daemon Server] - 2023-05-17T09:48:58.182Z - [REQUEST]: Updated file-hasher based on watched changes, recomputing project graph...
[NX Daemon Server] - 2023-05-17T09:48:58.190Z - Time taken for 'hash changed files from watcher' 20.540647983551025ms
[NX Daemon Server] - 2023-05-17T09:48:58.265Z - [WATCHER]: 1 file(s) created or restored, 1 file(s) modified, 1 file(s) deleted
[NX Daemon Server] - 2023-05-17T09:48:58.384Z - [REQUEST]: Updated file-hasher based on watched changes, recomputing project graph...
[NX Daemon Server] - 2023-05-17T09:48:58.393Z - Time taken for 'hash changed files from watcher' 17.615963995456696ms
[NX Daemon Server] - 2023-05-17T09:48:58.463Z - [WATCHER]: 1 file(s) created or restored, 1 file(s) modified, 1 file(s) deleted
[NX Daemon Server] - 2023-05-17T09:48:58.584Z - [REQUEST]: Updated file-hasher based on watched changes, recomputing project graph...
[NX Daemon Server] - 2023-05-17T09:48:58.592Z - Time taken for 'hash changed files from watcher' 18.861014008522034ms
[NX Daemon Server] - 2023-05-17T09:48:58.662Z - [WATCHER]: 1 file(s) created or restored, 1 file(s) modified, 1 file(s) deleted
[NX Daemon Server] - 2023-05-17T09:48:58.784Z - [REQUEST]: Updated file-hasher based on watched changes, recomputing project graph...
[NX Daemon Server] - 2023-05-17T09:48:58.792Z - Time taken for 'hash changed files from watcher' 19.64964199066162ms
[NX Daemon Server] - 2023-05-17T09:48:58.863Z - [WATCHER]: 1 file(s) created or restored, 1 file(s) modified, 1 file(s) deleted
[NX Daemon Server] - 2023-05-17T09:48:58.981Z - [REQUEST]: Updated file-hasher based on watched changes, recomputing project graph...
[NX Daemon Server] - 2023-05-17T09:48:58.990Z - Time taken for 'hash changed files from watcher' 16.335364997386932ms
[NX Daemon Server] - 2023-05-17T09:48:59.060Z - [WATCHER]: 1 file(s) created or restored, 1 file(s) modified, 1 file(s) deleted
[NX Daemon Server] - 2023-05-17T09:48:59.178Z - [REQUEST]: Updated file-hasher based on watched changes, recomputing project graph...
[NX Daemon Server] - 2023-05-17T09:48:59.191Z - Time taken for 'hash changed files from watcher' 16.71669101715088ms
[NX Daemon Server] - 2023-05-17T09:48:59.257Z - [WATCHER]: 1 file(s) created or restored, 1 file(s) modified, 1 file(s) deleted
[NX Daemon Server] - 2023-05-17T09:48:59.377Z - [REQUEST]: Updated file-hasher based on watched changes, recomputing project graph...
[NX Daemon Server] - 2023-05-17T09:48:59.385Z - Time taken for 'hash changed files from watcher' 18.08636200428009ms
[NX Daemon Server] - 2023-05-17T09:48:59.459Z - [WATCHER]: 1 file(s) created or restored, 1 file(s) modified, 1 file(s) deleted
[NX Daemon Server] - 2023-05-17T09:48:59.583Z - [REQUEST]: Updated file-hasher based on watched changes, recomputing project graph...
[NX Daemon Server] - 2023-05-17T09:48:59.592Z - Time taken for 'hash changed files from watcher' 21.412864983081818ms
[NX Daemon Server] - 2023-05-17T09:48:59.661Z - [WATCHER]: 1 file(s) created or restored, 1 file(s) modified, 1 file(s) deleted
[NX Daemon Server] - 2023-05-17T09:48:59.779Z - [REQUEST]: Updated file-hasher based on watched changes, recomputing project graph...
[NX Daemon Server] - 2023-05-17T09:48:59.788Z - Time taken for 'hash changed files from watcher' 16.38569802045822ms
[NX Daemon Server] - 2023-05-17T09:48:59.860Z - [WATCHER]: 1 file(s) created or restored, 1 file(s) modified, 1 file(s) deleted
[NX Daemon Server] - 2023-05-17T09:48:59.979Z - [REQUEST]: Updated file-hasher based on watched changes, recomputing project graph...
[NX Daemon Server] - 2023-05-17T09:48:59.988Z - Time taken for 'hash changed files from watcher' 16.538347959518433ms
[NX Daemon Server] - 2023-05-17T09:49:00.057Z - [WATCHER]: 1 file(s) created or restored, 1 file(s) modified, 1 file(s) deleted
[NX Daemon Server] - 2023-05-17T09:49:00.177Z - [REQUEST]: Updated file-hasher based on watched changes, recomputing project graph...
[NX Daemon Server] - 2023-05-17T09:49:00.185Z - Time taken for 'hash changed files from watcher' 18.57363897562027ms
[NX Daemon Server] - 2023-05-17T09:49:00.255Z - [WATCHER]: 1 file(s) created or restored, 1 file(s) modified, 1 file(s) deleted
[NX Daemon Server] - 2023-05-17T09:49:00.378Z - [REQUEST]: Updated file-hasher based on watched changes, recomputing project graph...
[NX Daemon Server] - 2023-05-17T09:49:00.386Z - Time taken for 'hash changed files from watcher' 21.501269042491913ms
[NX Daemon Server] - 2023-05-17T09:49:00.458Z - [WATCHER]: 1 file(s) created or restored, 1 file(s) modified, 1 file(s) deleted
[NX Daemon Server] - 2023-05-17T09:49:00.581Z - [REQUEST]: Updated file-hasher based on watched changes, recomputing project graph...
[NX Daemon Server] - 2023-05-17T09:49:00.593Z - Time taken for 'hash changed files from watcher' 21.23709398508072ms
[NX Daemon Server] - 2023-05-17T09:49:00.663Z - [WATCHER]: 1 file(s) created or restored, 1 file(s) modified, 1 file(s) deleted
[NX Daemon Server] - 2023-05-17T09:49:00.782Z - [REQUEST]: Updated file-hasher based on watched changes, recomputing project graph...
[NX Daemon Server] - 2023-05-17T09:49:00.790Z - Time taken for 'hash changed files from watcher' 17.223173022270203ms
[NX Daemon Server] - 2023-05-17T09:49:00.864Z - [WATCHER]: 1 file(s) created or restored, 1 file(s) modified, 1 file(s) deleted
[NX Daemon Server] - 2023-05-17T09:49:00.982Z - [REQUEST]: Updated file-hasher based on watched changes, recomputing project graph...
[NX Daemon Server] - 2023-05-17T09:49:00.991Z - Time taken for 'hash changed files from watcher' 16.89614999294281ms
[NX Daemon Server] - 2023-05-17T09:49:01.063Z - [WATCHER]: 1 file(s) created or restored, 1 file(s) modified, 1 file(s) deleted
[NX Daemon Server] - 2023-05-17T09:49:01.186Z - [REQUEST]: Updated file-hasher based on watched changes, recomputing project graph...
[NX Daemon Server] - 2023-05-17T09:49:01.194Z - Time taken for 'hash changed files from watcher' 20.63900899887085ms
[NX Daemon Server] - 2023-05-17T09:49:01.267Z - [WATCHER]: 1 file(s) created or restored, 1 file(s) modified, 1 file(s) deleted
[NX Daemon Server] - 2023-05-17T09:49:01.386Z - [REQUEST]: Updated file-hasher based on watched changes, recomputing project graph...
[NX Daemon Server] - 2023-05-17T09:49:01.396Z - Time taken for 'hash changed files from watcher' 16.9631530046463ms
[NX Daemon Server] - 2023-05-17T09:49:01.467Z - [WATCHER]: 1 file(s) created or restored, 1 file(s) modified, 1 file(s) deleted
[NX Daemon Server] - 2023-05-17T09:49:01.585Z - [REQUEST]: Updated file-hasher based on watched changes, recomputing project graph...
[NX Daemon Server] - 2023-05-17T09:49:01.594Z - Time taken for 'hash changed files from watcher' 16.899304032325745ms
[NX Daemon Server] - 2023-05-17T09:49:01.665Z - [WATCHER]: 1 file(s) created or restored, 1 file(s) modified, 1 file(s) deleted
[NX Daemon Server] - 2023-05-17T09:49:01.787Z - [REQUEST]: Updated file-hasher based on watched changes, recomputing project graph...
[NX Daemon Server] - 2023-05-17T09:49:01.794Z - Time taken for 'hash changed files from watcher' 20.497177004814148ms
[NX Daemon Server] - 2023-05-17T09:49:01.871Z - [WATCHER]: 1 file(s) created or restored, 1 file(s) modified, 1 file(s) deleted
[NX Daemon Server] - 2023-05-17T09:49:01.993Z - [REQUEST]: Updated file-hasher based on watched changes, recomputing project graph...
[NX Daemon Server] - 2023-05-17T09:49:02.003Z - Time taken for 'hash changed files from watcher' 19.560992002487183ms
[NX Daemon Server] - 2023-05-17T09:49:02.071Z - [WATCHER]: 1 file(s) created or restored, 1 file(s) modified, 1 file(s) deleted
[NX Daemon Server] - 2023-05-17T09:49:02.195Z - [REQUEST]: Updated file-hasher based on watched changes, recomputing project graph...
[NX Daemon Server] - 2023-05-17T09:49:02.206Z - Time taken for 'hash changed files from watcher' 21.050163984298706ms
[NX Daemon Server] - 2023-05-17T09:49:02.280Z - [WATCHER]: 1 file(s) created or restored, 1 file(s) modified, 1 file(s) deleted
[NX Daemon Server] - 2023-05-17T09:49:02.409Z - [REQUEST]: Updated file-hasher based on watched changes, recomputing project graph...
[NX Daemon Server] - 2023-05-17T09:49:02.420Z - Time taken for 'hash changed files from watcher' 25.699600994586945ms
[NX Daemon Server] - 2023-05-17T09:49:02.488Z - [WATCHER]: 1 file(s) created or restored, 1 file(s) modified, 1 file(s) deleted
[NX Daemon Server] - 2023-05-17T09:49:02.620Z - [REQUEST]: Updated file-hasher based on watched changes, recomputing project graph...
[NX Daemon Server] - 2023-05-17T09:49:02.630Z - Time taken for 'hash changed files from watcher' 29.12448900938034ms
[NX Daemon Server] - 2023-05-17T09:49:02.702Z - [WATCHER]: 1 file(s) created or restored, 1 file(s) modified, 1 file(s) deleted
[NX Daemon Server] - 2023-05-17T09:49:02.830Z - [REQUEST]: Updated file-hasher based on watched changes, recomputing project graph...
[NX Daemon Server] - 2023-05-17T09:49:02.840Z - Time taken for 'hash changed files from watcher' 25.22173500061035ms
[NX Daemon Server] - 2023-05-17T09:49:02.915Z - [WATCHER]: 1 file(s) created or restored, 1 file(s) modified, 1 file(s) deleted
[NX Daemon Server] - 2023-05-17T09:49:03.037Z - [REQUEST]: Updated file-hasher based on watched changes, recomputing project graph...
[NX Daemon Server] - 2023-05-17T09:49:03.048Z - Time taken for 'hash changed files from watcher' 21.040982007980347ms
[NX Daemon Server] - 2023-05-17T09:49:03.117Z - [WATCHER]: 1 file(s) created or restored, 1 file(s) modified, 1 file(s) deleted
[NX Daemon Server] - 2023-05-17T09:49:03.239Z - [REQUEST]: Updated file-hasher based on watched changes, recomputing project graph...
[NX Daemon Server] - 2023-05-17T09:49:03.249Z - Time taken for 'hash changed files from watcher' 20.787728011608124ms
[NX Daemon Server] - 2023-05-17T09:49:03.321Z - [WATCHER]: 1 file(s) created or restored, 1 file(s) modified, 1 file(s) deleted
[NX Daemon Server] - 2023-05-17T09:49:03.444Z - [REQUEST]: Updated file-hasher based on watched changes, recomputing project graph...
[NX Daemon Server] - 2023-05-17T09:49:03.456Z - Time taken for 'hash changed files from watcher' 21.016609013080597ms
[NX Daemon Server] - 2023-05-17T09:49:03.531Z - [WATCHER]: 1 file(s) created or restored, 1 file(s) modified, 1 file(s) deleted
[NX Daemon Server] - 2023-05-17T09:49:03.658Z - [REQUEST]: Updated file-hasher based on watched changes, recomputing project graph...
[NX Daemon Server] - 2023-05-17T09:49:03.670Z - Time taken for 'hash changed files from watcher' 24.965375006198883ms
[NX Daemon Server] - 2023-05-17T09:49:03.727Z - [WATCHER]: 1 file(s) created or restored, 1 file(s) modified, 1 file(s) deleted
[NX Daemon Server] - 2023-05-17T09:49:03.850Z - [REQUEST]: Updated file-hasher based on watched changes, recomputing project graph...
[NX Daemon Server] - 2023-05-17T09:49:03.861Z - Time taken for 'hash changed files from watcher' 21.55155199766159ms
[NX Daemon Server] - 2023-05-17T09:49:03.935Z - [WATCHER]: 1 file(s) created or restored, 1 file(s) modified, 1 file(s) deleted
[NX Daemon Server] - 2023-05-17T09:49:04.067Z - [REQUEST]: Updated file-hasher based on watched changes, recomputing project graph...
[NX Daemon Server] - 2023-05-17T09:49:04.077Z - Time taken for 'hash changed files from watcher' 29.257682979106903ms
[NX Daemon Server] - 2023-05-17T09:49:04.150Z - [WATCHER]: 1 file(s) created or restored, 1 file(s) modified, 1 file(s) deleted
[NX Daemon Server] - 2023-05-17T09:49:04.277Z - [REQUEST]: Updated file-hasher based on watched changes, recomputing project graph...
[NX Daemon Server] - 2023-05-17T09:49:04.292Z - Time taken for 'hash changed files from watcher' 26.135913014411926ms
[NX Daemon Server] - 2023-05-17T09:49:04.360Z - [WATCHER]: 1 file(s) created or restored, 1 file(s) modified, 1 file(s) deleted
[NX Daemon Server] - 2023-05-17T09:49:04.483Z - [REQUEST]: Updated file-hasher based on watched changes, recomputing project graph...
[NX Daemon Server] - 2023-05-17T09:49:04.493Z - Time taken for 'hash changed files from watcher' 21.159491002559662ms
[NX Daemon Server] - 2023-05-17T09:49:04.564Z - [WATCHER]: 1 file(s) created or restored, 1 file(s) modified, 1 file(s) deleted
[NX Daemon Server] - 2023-05-17T09:49:04.686Z - [REQUEST]: Updated file-hasher based on watched changes, recomputing project graph...
[NX Daemon Server] - 2023-05-17T09:49:04.696Z - Time taken for 'hash changed files from watcher' 19.815011978149414ms
[NX Daemon Server] - 2023-05-17T09:49:04.773Z - [WATCHER]: 1 file(s) created or restored, 1 file(s) modified, 1 file(s) deleted
[NX Daemon Server] - 2023-05-17T09:49:04.898Z - [REQUEST]: Updated file-hasher based on watched changes, recomputing project graph...
[NX Daemon Server] - 2023-05-17T09:49:04.908Z - Time taken for 'hash changed files from watcher' 21.525498032569885ms
[NX Daemon Server] - 2023-05-17T09:49:04.983Z - [WATCHER]: 1 file(s) created or restored, 1 file(s) modified, 1 file(s) deleted
[NX Daemon Server] - 2023-05-17T09:49:05.106Z - [REQUEST]: Updated file-hasher based on watched changes, recomputing project graph...
[NX Daemon Server] - 2023-05-17T09:49:05.115Z - Time taken for 'hash changed files from watcher' 20.658941984176636ms
[NX Daemon Server] - 2023-05-17T09:49:05.177Z - [WATCHER]: 1 file(s) created or restored, 1 file(s) modified, 1 file(s) deleted
[NX Daemon Server] - 2023-05-17T09:49:05.302Z - [REQUEST]: Updated file-hasher based on watched changes, recomputing project graph...
[NX Daemon Server] - 2023-05-17T09:49:05.313Z - Time taken for 'hash changed files from watcher' 22.71197599172592ms
[NX Daemon Server] - 2023-05-17T09:49:05.388Z - [WATCHER]: 1 file(s) created or restored, 1 file(s) modified, 1 file(s) deleted
[NX Daemon Server] - 2023-05-17T09:49:05.521Z - [REQUEST]: Updated file-hasher based on watched changes, recomputing project graph...
[NX Daemon Server] - 2023-05-17T09:49:05.531Z - Time taken for 'hash changed files from watcher' 29.616234004497528ms
[NX Daemon Server] - 2023-05-17T09:49:05.606Z - [WATCHER]: 1 file(s) created or restored, 1 file(s) modified, 1 file(s) deleted
[NX Daemon Server] - 2023-05-17T09:49:05.733Z - [REQUEST]: Updated file-hasher based on watched changes, recomputing project graph...
[NX Daemon Server] - 2023-05-17T09:49:05.745Z - Time taken for 'hash changed files from watcher' 24.460940957069397ms
[NX Daemon Server] - 2023-05-17T09:49:05.813Z - [WATCHER]: 1 file(s) created or restored, 1 file(s) modified, 1 file(s) deleted
